# JRE version: OpenJDK Runtime Environment (11.0.12+7) (build 11.0.12+7-b1504.28-7817840)
# Java VM: OpenJDK 64-Bit Server VM (11.0.12+7-b1504.28-7817840, mixed mode, tiered, compressed oops, g1 gc, windows-amd64)
Heap:
 garbage-first heap   total 235520K, used 158893K [0x0000000080000000, 0x0000000100000000)
  region size 1024K, 2 young (2048K), 2 survivors (2048K)
 Metaspace       used 113806K, capacity 117120K, committed 117452K, reserved 1150976K
  class space    used 14308K, capacity 15479K, committed 15564K, reserved 1048576K
GC Heap History (20 events):
Event: 353.491 GC heap after
{Heap after GC invocations=78 (full 0):
 garbage-first heap   total 195584K, used 138575K [0x0000000080000000, 0x0000000100000000)
  region size 1024K, 3 young (3072K), 3 survivors (3072K)
 Metaspace       used 108763K, capacity 112068K, committed 112332K, reserved 1146880K
  class space    used 13825K, capacity 14967K, committed 15052K, reserved 1048576K
}
Event: 354.285 GC heap before
{Heap before GC invocations=79 (full 0):
 garbage-first heap   total 195584K, used 166223K [0x0000000080000000, 0x0000000100000000)
  region size 1024K, 28 young (28672K), 3 survivors (3072K)
 Metaspace       used 109773K, capacity 113110K, committed 113228K, reserved 1146880K
  class space    used 13938K, capacity 15083K, committed 15180K, reserved 1048576K
}
Event: 354.327 GC heap after
{Heap after GC invocations=80 (full 0):
 garbage-first heap   total 195584K, used 151703K [0x0000000080000000, 0x0000000100000000)
  region size 1024K, 4 young (4096K), 4 survivors (4096K)
 Metaspace       used 109773K, capacity 113110K, committed 113228K, reserved 1146880K
  class space    used 13938K, capacity 15083K, committed 15180K, reserved 1048576K
}
Event: 354.433 GC heap before
{Heap before GC invocations=80 (full 0):
 garbage-first heap   total 195584K, used 156823K [0x0000000080000000, 0x0000000100000000)
  region size 1024K, 9 young (9216K), 4 survivors (4096K)
 Metaspace       used 109978K, capacity 113302K, committed 113484K, reserved 1146880K
  class space    used 13963K, capacity 15147K, committed 15180K, reserved 1048576K
}
Event: 354.622 GC heap after
{Heap after GC invocations=81 (full 0):
 garbage-first heap   total 195584K, used 151833K [0x0000000080000000, 0x0000000100000000)
  region size 1024K, 2 young (2048K), 2 survivors (2048K)
 Metaspace       used 109978K, capacity 113302K, committed 113484K, reserved 1146880K
  class space    used 13963K, capacity 15147K, committed 15180K, reserved 1048576K
}
Event: 354.876 GC heap before
{Heap before GC invocations=81 (full 0):
 garbage-first heap   total 195584K, used 161049K [0x0000000080000000, 0x0000000100000000)
  region size 1024K, 13 young (13312K), 2 survivors (2048K)
 Metaspace       used 110180K, capacity 113494K, committed 113740K, reserved 1148928K
  class space    used 13975K, capacity 15147K, committed 15180K, reserved 1048576K
}
Event: 354.891 GC heap after
{Heap after GC invocations=82 (full 0):
 garbage-first heap   total 195584K, used 154978K [0x0000000080000000, 0x0000000100000000)
  region size 1024K, 2 young (2048K), 2 survivors (2048K)
 Metaspace       used 110180K, capacity 113494K, committed 113740K, reserved 1148928K
  class space    used 13975K, capacity 15147K, committed 15180K, reserved 1048576K
}
Event: 355.371 GC heap before
{Heap before GC invocations=82 (full 0):
 garbage-first heap   total 195584K, used 173410K [0x0000000080000000, 0x0000000100000000)
  region size 1024K, 12 young (12288K), 2 survivors (2048K)
 Metaspace       used 110237K, capacity 113561K, committed 113740K, reserved 1148928K
  class space    used 13980K, capacity 15148K, committed 15180K, reserved 1048576K
}
Event: 355.385 GC heap after
{Heap after GC invocations=83 (full 0):
 garbage-first heap   total 195584K, used 158095K [0x0000000080000000, 0x0000000100000000)
  region size 1024K, 2 young (2048K), 2 survivors (2048K)
 Metaspace       used 110237K, capacity 113561K, committed 113740K, reserved 1148928K
  class space    used 13980K, capacity 15148K, committed 15180K, reserved 1048576K
}
Event: 355.507 GC heap before
{Heap before GC invocations=83 (full 0):
 garbage-first heap   total 195584K, used 167311K [0x0000000080000000, 0x0000000100000000)
  region size 1024K, 11 young (11264K), 2 survivors (2048K)
 Metaspace       used 110237K, capacity 113561K, committed 113740K, reserved 1148928K
  class space    used 13980K, capacity 15148K, committed 15180K, reserved 1048576K
}
Event: 355.519 GC heap after
{Heap after GC invocations=84 (full 0):
 garbage-first heap   total 195584K, used 159056K [0x0000000080000000, 0x0000000100000000)
  region size 1024K, 2 young (2048K), 2 survivors (2048K)
 Metaspace       used 110237K, capacity 113561K, committed 113740K, reserved 1148928K
  class space    used 13980K, capacity 15148K, committed 15180K, reserved 1048576K
}
Event: 355.683 GC heap before
{Heap before GC invocations=85 (full 0):
 garbage-first heap   total 195584K, used 168272K [0x0000000080000000, 0x0000000100000000)
  region size 1024K, 11 young (11264K), 2 survivors (2048K)
 Metaspace       used 110297K, capacity 113629K, committed 113740K, reserved 1148928K
  class space    used 13988K, capacity 15149K, committed 15180K, reserved 1048576K
}
Event: 355.689 GC heap after
{Heap after GC invocations=86 (full 0):
 garbage-first heap   total 195584K, used 159070K [0x0000000080000000, 0x0000000100000000)
  region size 1024K, 1 young (1024K), 1 survivors (1024K)
 Metaspace       used 110297K, capacity 113629K, committed 113740K, reserved 1148928K
  class space    used 13988K, capacity 15149K, committed 15180K, reserved 1048576K
}
Event: 355.953 GC heap before
{Heap before GC invocations=86 (full 0):
 garbage-first heap   total 195584K, used 181598K [0x0000000080000000, 0x0000000100000000)
  region size 1024K, 9 young (9216K), 1 survivors (1024K)
 Metaspace       used 110374K, capacity 113705K, committed 113740K, reserved 1148928K
  class space    used 13992K, capacity 15151K, committed 15180K, reserved 1048576K
}
Event: 355.964 GC heap after
{Heap after GC invocations=87 (full 0):
 garbage-first heap   total 195584K, used 157712K [0x0000000080000000, 0x0000000100000000)
  region size 1024K, 2 young (2048K), 2 survivors (2048K)
 Metaspace       used 110374K, capacity 113705K, committed 113740K, reserved 1148928K
  class space    used 13992K, capacity 15151K, committed 15180K, reserved 1048576K
}
Event: 356.131 GC heap before
{Heap before GC invocations=87 (full 0):
 garbage-first heap   total 195584K, used 166928K [0x0000000080000000, 0x0000000100000000)
  region size 1024K, 12 young (12288K), 2 survivors (2048K)
 Metaspace       used 111245K, capacity 114483K, committed 114636K, reserved 1148928K
  class space    used 14074K, capacity 15231K, committed 15308K, reserved 1048576K
}
Event: 356.142 GC heap after
{Heap after GC invocations=88 (full 0):
 garbage-first heap   total 195584K, used 158875K [0x0000000080000000, 0x0000000100000000)
  region size 1024K, 2 young (2048K), 2 survivors (2048K)
 Metaspace       used 111245K, capacity 114483K, committed 114636K, reserved 1148928K
  class space    used 14074K, capacity 15231K, committed 15308K, reserved 1048576K
}
Event: 356.772 GC heap before
{Heap before GC invocations=88 (full 0):
 garbage-first heap   total 195584K, used 166043K [0x0000000080000000, 0x0000000100000000)
  region size 1024K, 12 young (12288K), 2 survivors (2048K)
 Metaspace       used 113174K, capacity 116391K, committed 116556K, reserved 1150976K
  class space    used 14236K, capacity 15368K, committed 15436K, reserved 1048576K
}
Event: 356.783 GC heap after
{Heap after GC invocations=89 (full 0):
 garbage-first heap   total 195584K, used 157696K [0x0000000080000000, 0x0000000100000000)
  region size 1024K, 2 young (2048K), 2 survivors (2048K)
 Metaspace       used 113174K, capacity 116391K, committed 116556K, reserved 1150976K
  class space    used 14236K, capacity 15368K, committed 15436K, reserved 1048576K
}
Event: 357.077 GC heap before
{Heap before GC invocations=90 (full 0):
 garbage-first heap   total 195584K, used 166912K [0x0000000080000000, 0x0000000100000000)
  region size 1024K, 12 young (12288K), 2 survivors (2048K)
 Metaspace       used 113806K, capacity 117120K, committed 117452K, reserved 1150976K
  class space    used 14308K, capacity 15479K, committed 15564K, reserved 1048576K
}

