# JRE version: OpenJDK Runtime Environment (11.0.12+7) (build 11.0.12+7-b1504.28-7817840)
# Java VM: OpenJDK 64-Bit Server VM (11.0.12+7-b1504.28-7817840, mixed mode, tiered, compressed oops, g1 gc, windows-amd64)
Heap:
 garbage-first heap   total 65536K, used 18845K [0x00000000c1800000, 0x0000000100000000)
  region size 1024K, 4 young (4096K), 4 survivors (4096K)
 Metaspace       used 25559K, capacity 25899K, committed 25980K, reserved 1081344K
  class space    used 2745K, capacity 2901K, committed 2940K, reserved 1048576K
GC Heap History (10 events):
Event: 0.649 GC heap before
{Heap before GC invocations=0 (full 0):
 garbage-first heap   total 65536K, used 17408K [0x00000000c1800000, 0x0000000100000000)
  region size 1024K, 14 young (14336K), 0 survivors (0K)
 Metaspace       used 9865K, capacity 10002K, committed 10112K, reserved 1058816K
  class space    used 839K, capacity 885K, committed 896K, reserved 1048576K
}
Event: 0.653 GC heap after
{Heap after GC invocations=1 (full 0):
 garbage-first heap   total 65536K, used 5228K [0x00000000c1800000, 0x0000000100000000)
  region size 1024K, 2 young (2048K), 2 survivors (2048K)
 Metaspace       used 9865K, capacity 10002K, committed 10112K, reserved 1058816K
  class space    used 839K, capacity 885K, committed 896K, reserved 1048576K
}
Event: 1.846 GC heap before
{Heap before GC invocations=1 (full 0):
 garbage-first heap   total 65536K, used 42092K [0x00000000c1800000, 0x0000000100000000)
  region size 1024K, 38 young (38912K), 2 survivors (2048K)
 Metaspace       used 17959K, capacity 18156K, committed 18304K, reserved 1064960K
  class space    used 1805K, capacity 1865K, committed 1920K, reserved 1048576K
}
Event: 1.865 GC heap after
{Heap after GC invocations=2 (full 0):
 garbage-first heap   total 65536K, used 9308K [0x00000000c1800000, 0x0000000100000000)
  region size 1024K, 5 young (5120K), 5 survivors (5120K)
 Metaspace       used 17959K, capacity 18156K, committed 18304K, reserved 1064960K
  class space    used 1805K, capacity 1865K, committed 1920K, reserved 1048576K
}
Event: 1.994 GC heap before
{Heap before GC invocations=2 (full 0):
 garbage-first heap   total 65536K, used 14428K [0x00000000c1800000, 0x0000000100000000)
  region size 1024K, 10 young (10240K), 5 survivors (5120K)
 Metaspace       used 19373K, capacity 19586K, committed 19840K, reserved 1067008K
  class space    used 2025K, capacity 2130K, committed 2176K, reserved 1048576K
}
Event: 2.008 GC heap after
{Heap after GC invocations=3 (full 0):
 garbage-first heap   total 65536K, used 9804K [0x00000000c1800000, 0x0000000100000000)
  region size 1024K, 1 young (1024K), 1 survivors (1024K)
 Metaspace       used 19373K, capacity 19586K, committed 19840K, reserved 1067008K
  class space    used 2025K, capacity 2130K, committed 2176K, reserved 1048576K
}
Event: 2.133 GC heap before
{Heap before GC invocations=3 (full 0):
 garbage-first heap   total 65536K, used 14924K [0x00000000c1800000, 0x0000000100000000)
  region size 1024K, 7 young (7168K), 1 survivors (1024K)
 Metaspace       used 20987K, capacity 21190K, committed 21248K, reserved 1069056K
  class space    used 2225K, capacity 2304K, committed 2304K, reserved 1048576K
}
Event: 2.135 GC heap after
{Heap after GC invocations=4 (full 0):
 garbage-first heap   total 65536K, used 9672K [0x00000000c1800000, 0x0000000100000000)
  region size 1024K, 1 young (1024K), 1 survivors (1024K)
 Metaspace       used 20987K, capacity 21190K, committed 21248K, reserved 1069056K
  class space    used 2225K, capacity 2304K, committed 2304K, reserved 1048576K
}
Event: 2.676 GC heap before
{Heap before GC invocations=5 (full 0):
 garbage-first heap   total 65536K, used 27080K [0x00000000c1800000, 0x0000000100000000)
  region size 1024K, 17 young (17408K), 1 survivors (1024K)
 Metaspace       used 25559K, capacity 25899K, committed 25980K, reserved 1079296K
  class space    used 2745K, capacity 2901K, committed 2940K, reserved 1048576K
}
Event: 2.694 GC heap after
{Heap after GC invocations=6 (full 0):
 garbage-first heap   total 65536K, used 18845K [0x00000000c1800000, 0x0000000100000000)
  region size 1024K, 4 young (4096K), 4 survivors (4096K)
 Metaspace       used 25559K, capacity 25899K, committed 25980K, reserved 1079296K
  class space    used 2745K, capacity 2901K, committed 2940K, reserved 1048576K
}

