# JRE version: OpenJDK Runtime Environment (11.0.12+7) (build 11.0.12+7-b1504.28-7817840)
# Java VM: OpenJDK 64-Bit Server VM (11.0.12+7-b1504.28-7817840, mixed mode, tiered, compressed oops, g1 gc, windows-amd64)
Heap:
 garbage-first heap   total 489472K, used 153328K [0x0000000080000000, 0x0000000100000000)
  region size 1024K, 2 young (2048K), 2 survivors (2048K)
 Metaspace       used 141976K, capacity 146242K, committed 147660K, reserved 1177600K
  class space    used 17496K, capacity 19045K, committed 19456K, reserved 1048576K
GC Heap History (20 events):
Event: 5726.606 GC heap after
{Heap after GC invocations=184 (full 0):
 garbage-first heap   total 244736K, used 160734K [0x0000000080000000, 0x0000000100000000)
  region size 1024K, 2 young (2048K), 2 survivors (2048K)
 Metaspace       used 137976K, capacity 142176K, committed 143820K, reserved 1173504K
  class space    used 17164K, capacity 18695K, committed 19200K, reserved 1048576K
}
Event: 5726.637 GC heap before
{Heap before GC invocations=184 (full 0):
 garbage-first heap   total 244736K, used 168926K [0x0000000080000000, 0x0000000100000000)
  region size 1024K, 11 young (11264K), 2 survivors (2048K)
 Metaspace       used 137982K, capacity 142176K, committed 143820K, reserved 1173504K
  class space    used 17164K, capacity 18695K, committed 19200K, reserved 1048576K
}
Event: 5726.973 GC heap after
{Heap after GC invocations=185 (full 0):
 garbage-first heap   total 244736K, used 163273K [0x0000000080000000, 0x0000000100000000)
  region size 1024K, 2 young (2048K), 2 survivors (2048K)
 Metaspace       used 137982K, capacity 142176K, committed 143820K, reserved 1173504K
  class space    used 17164K, capacity 18695K, committed 19200K, reserved 1048576K
}
Event: 5727.215 GC heap before
{Heap before GC invocations=185 (full 0):
 garbage-first heap   total 244736K, used 172489K [0x0000000080000000, 0x0000000100000000)
  region size 1024K, 11 young (11264K), 2 survivors (2048K)
 Metaspace       used 138123K, capacity 142304K, committed 143820K, reserved 1173504K
  class space    used 17180K, capacity 18695K, committed 19200K, reserved 1048576K
}
Event: 5727.281 GC heap after
{Heap after GC invocations=186 (full 0):
 garbage-first heap   total 244736K, used 162438K [0x0000000080000000, 0x0000000100000000)
  region size 1024K, 2 young (2048K), 2 survivors (2048K)
 Metaspace       used 138123K, capacity 142304K, committed 143820K, reserved 1173504K
  class space    used 17180K, capacity 18695K, committed 19200K, reserved 1048576K
}
Event: 5727.789 GC heap before
{Heap before GC invocations=186 (full 0):
 garbage-first heap   total 244736K, used 178822K [0x0000000080000000, 0x0000000100000000)
  region size 1024K, 11 young (11264K), 2 survivors (2048K)
 Metaspace       used 138206K, capacity 142368K, committed 144076K, reserved 1173504K
  class space    used 17186K, capacity 18695K, committed 19200K, reserved 1048576K
}
Event: 5727.832 GC heap after
{Heap after GC invocations=187 (full 0):
 garbage-first heap   total 244736K, used 167249K [0x0000000080000000, 0x0000000100000000)
  region size 1024K, 2 young (2048K), 2 survivors (2048K)
 Metaspace       used 138206K, capacity 142368K, committed 144076K, reserved 1173504K
  class space    used 17186K, capacity 18695K, committed 19200K, reserved 1048576K
}
Event: 5727.940 GC heap before
{Heap before GC invocations=187 (full 0):
 garbage-first heap   total 244736K, used 176465K [0x0000000080000000, 0x0000000100000000)
  region size 1024K, 11 young (11264K), 2 survivors (2048K)
 Metaspace       used 138206K, capacity 142368K, committed 144076K, reserved 1173504K
  class space    used 17186K, capacity 18695K, committed 19200K, reserved 1048576K
}
Event: 5727.956 GC heap after
{Heap after GC invocations=188 (full 0):
 garbage-first heap   total 244736K, used 169245K [0x0000000080000000, 0x0000000100000000)
  region size 1024K, 2 young (2048K), 2 survivors (2048K)
 Metaspace       used 138206K, capacity 142368K, committed 144076K, reserved 1173504K
  class space    used 17186K, capacity 18695K, committed 19200K, reserved 1048576K
}
Event: 5728.878 GC heap before
{Heap before GC invocations=189 (full 0):
 garbage-first heap   total 244736K, used 202013K [0x0000000080000000, 0x0000000100000000)
  region size 1024K, 22 young (22528K), 2 survivors (2048K)
 Metaspace       used 138262K, capacity 142486K, committed 144076K, reserved 1173504K
  class space    used 17190K, capacity 18704K, committed 19200K, reserved 1048576K
}
Event: 5728.890 GC heap after
{Heap after GC invocations=190 (full 0):
 garbage-first heap   total 244736K, used 168831K [0x0000000080000000, 0x0000000100000000)
  region size 1024K, 3 young (3072K), 3 survivors (3072K)
 Metaspace       used 138262K, capacity 142486K, committed 144076K, reserved 1173504K
  class space    used 17190K, capacity 18704K, committed 19200K, reserved 1048576K
}
Event: 5729.641 GC heap before
{Heap before GC invocations=190 (full 0):
 garbage-first heap   total 244736K, used 175999K [0x0000000080000000, 0x0000000100000000)
  region size 1024K, 11 young (11264K), 3 survivors (3072K)
 Metaspace       used 139032K, capacity 143216K, committed 144844K, reserved 1175552K
  class space    used 17226K, capacity 18768K, committed 19200K, reserved 1048576K
}
Event: 5729.759 GC heap after
{Heap after GC invocations=191 (full 0):
 garbage-first heap   total 244736K, used 165947K [0x0000000080000000, 0x0000000100000000)
  region size 1024K, 2 young (2048K), 2 survivors (2048K)
 Metaspace       used 139032K, capacity 143216K, committed 144844K, reserved 1175552K
  class space    used 17226K, capacity 18768K, committed 19200K, reserved 1048576K
}
Event: 5730.016 GC heap before
{Heap before GC invocations=191 (full 0):
 garbage-first heap   total 244736K, used 175163K [0x0000000080000000, 0x0000000100000000)
  region size 1024K, 11 young (11264K), 2 survivors (2048K)
 Metaspace       used 139129K, capacity 143342K, committed 144844K, reserved 1175552K
  class space    used 17236K, capacity 18805K, committed 19200K, reserved 1048576K
}
Event: 5730.231 GC heap after
{Heap after GC invocations=192 (full 0):
 garbage-first heap   total 244736K, used 166859K [0x0000000080000000, 0x0000000100000000)
  region size 1024K, 2 young (2048K), 2 survivors (2048K)
 Metaspace       used 139129K, capacity 143342K, committed 144844K, reserved 1175552K
  class space    used 17236K, capacity 18805K, committed 19200K, reserved 1048576K
}
Event: 5731.820 GC heap before
{Heap before GC invocations=192 (full 0):
 garbage-first heap   total 244736K, used 181195K [0x0000000080000000, 0x0000000100000000)
  region size 1024K, 17 young (17408K), 2 survivors (2048K)
 Metaspace       used 139579K, capacity 143776K, committed 145228K, reserved 1175552K
  class space    used 17294K, capacity 18843K, committed 19328K, reserved 1048576K
}
Event: 5731.849 GC heap after
{Heap after GC invocations=193 (full 0):
 garbage-first heap   total 244736K, used 169140K [0x0000000080000000, 0x0000000100000000)
  region size 1024K, 3 young (3072K), 3 survivors (3072K)
 Metaspace       used 139579K, capacity 143776K, committed 145228K, reserved 1175552K
  class space    used 17294K, capacity 18843K, committed 19328K, reserved 1048576K
}
Event: 5733.032 GC heap before
{Heap before GC invocations=194 (full 0):
 garbage-first heap   total 244736K, used 178356K [0x0000000080000000, 0x0000000100000000)
  region size 1024K, 20 young (20480K), 3 survivors (3072K)
 Metaspace       used 141536K, capacity 145814K, committed 147404K, reserved 1177600K
  class space    used 17454K, capacity 19010K, committed 19456K, reserved 1048576K
}
Event: 5733.049 GC heap after
{Heap after GC invocations=195 (full 0):
 garbage-first heap   total 244736K, used 163656K [0x0000000080000000, 0x0000000100000000)
  region size 1024K, 2 young (2048K), 2 survivors (2048K)
 Metaspace       used 141536K, capacity 145814K, committed 147404K, reserved 1177600K
  class space    used 17454K, capacity 19010K, committed 19456K, reserved 1048576K
}
Event: 5733.702 GC heap before
{Heap before GC invocations=195 (full 0):
 garbage-first heap   total 244736K, used 172872K [0x0000000080000000, 0x0000000100000000)
  region size 1024K, 11 young (11264K), 2 survivors (2048K)
 Metaspace       used 141976K, capacity 146242K, committed 147660K, reserved 1177600K
  class space    used 17496K, capacity 19045K, committed 19456K, reserved 1048576K
}

