# JRE version: OpenJDK Runtime Environment (11.0.12+7) (build 11.0.12+7-b1504.28-7817840)
# Java VM: OpenJDK 64-Bit Server VM (11.0.12+7-b1504.28-7817840, mixed mode, tiered, compressed oops, g1 gc, windows-amd64)
Heap:
 garbage-first heap   total 527360K, used 329414K [0x0000000080000000, 0x0000000100000000)
  region size 1024K, 155 young (158720K), 20 survivors (20480K)
 Metaspace       used 119089K, capacity 122500K, committed 122828K, reserved 1155072K
  class space    used 15224K, capacity 16539K, committed 16640K, reserved 1048576K
GC Heap History (20 events):
Event: 225.721 GC heap before
{Heap before GC invocations=67 (full 0):
 garbage-first heap   total 336896K, used 226830K [0x0000000080000000, 0x0000000100000000)
  region size 1024K, 71 young (72704K), 8 survivors (8192K)
 Metaspace       used 117675K, capacity 121028K, committed 121164K, reserved 1155072K
  class space    used 15177K, capacity 16451K, committed 16512K, reserved 1048576K
}
Event: 225.761 GC heap after
{Heap after GC invocations=68 (full 0):
 garbage-first heap   total 336896K, used 167845K [0x0000000080000000, 0x0000000100000000)
  region size 1024K, 6 young (6144K), 6 survivors (6144K)
 Metaspace       used 117675K, capacity 121028K, committed 121164K, reserved 1155072K
  class space    used 15177K, capacity 16451K, committed 16512K, reserved 1048576K
}
Event: 226.571 GC heap before
{Heap before GC invocations=68 (full 0):
 garbage-first heap   total 336896K, used 234405K [0x0000000080000000, 0x0000000100000000)
  region size 1024K, 71 young (72704K), 6 survivors (6144K)
 Metaspace       used 117896K, capacity 121232K, committed 121420K, reserved 1155072K
  class space    used 15178K, capacity 16451K, committed 16512K, reserved 1048576K
}
Event: 226.639 GC heap after
{Heap after GC invocations=69 (full 0):
 garbage-first heap   total 527360K, used 170547K [0x0000000080000000, 0x0000000100000000)
  region size 1024K, 4 young (4096K), 4 survivors (4096K)
 Metaspace       used 117896K, capacity 121232K, committed 121420K, reserved 1155072K
  class space    used 15178K, capacity 16451K, committed 16512K, reserved 1048576K
}
Event: 228.674 GC heap before
{Heap before GC invocations=69 (full 0):
 garbage-first heap   total 527360K, used 302643K [0x0000000080000000, 0x0000000100000000)
  region size 1024K, 133 young (136192K), 4 survivors (4096K)
 Metaspace       used 118103K, capacity 121375K, committed 121676K, reserved 1155072K
  class space    used 15178K, capacity 16451K, committed 16512K, reserved 1048576K
}
Event: 228.694 GC heap after
{Heap after GC invocations=70 (full 0):
 garbage-first heap   total 527360K, used 173852K [0x0000000080000000, 0x0000000100000000)
  region size 1024K, 7 young (7168K), 7 survivors (7168K)
 Metaspace       used 118103K, capacity 121375K, committed 121676K, reserved 1155072K
  class space    used 15178K, capacity 16451K, committed 16512K, reserved 1048576K
}
Event: 231.151 GC heap before
{Heap before GC invocations=70 (full 0):
 garbage-first heap   total 527360K, used 418588K [0x0000000080000000, 0x0000000100000000)
  region size 1024K, 246 young (251904K), 7 survivors (7168K)
 Metaspace       used 118262K, capacity 121606K, committed 121676K, reserved 1155072K
  class space    used 15184K, capacity 16460K, committed 16512K, reserved 1048576K
}
Event: 231.176 GC heap after
{Heap after GC invocations=71 (full 0):
 garbage-first heap   total 527360K, used 176430K [0x0000000080000000, 0x0000000100000000)
  region size 1024K, 9 young (9216K), 9 survivors (9216K)
 Metaspace       used 118262K, capacity 121606K, committed 121676K, reserved 1155072K
  class space    used 15184K, capacity 16460K, committed 16512K, reserved 1048576K
}
Event: 233.137 GC heap before
{Heap before GC invocations=71 (full 0):
 garbage-first heap   total 527360K, used 428334K [0x0000000080000000, 0x0000000100000000)
  region size 1024K, 255 young (261120K), 9 survivors (9216K)
 Metaspace       used 118331K, capacity 121690K, committed 121932K, reserved 1155072K
  class space    used 15187K, capacity 16465K, committed 16512K, reserved 1048576K
}
Event: 233.173 GC heap after
{Heap after GC invocations=72 (full 0):
 garbage-first heap   total 527360K, used 179502K [0x0000000080000000, 0x0000000100000000)
  region size 1024K, 12 young (12288K), 12 survivors (12288K)
 Metaspace       used 118331K, capacity 121690K, committed 121932K, reserved 1155072K
  class space    used 15187K, capacity 16465K, committed 16512K, reserved 1048576K
}
Event: 234.754 GC heap before
{Heap before GC invocations=72 (full 0):
 garbage-first heap   total 527360K, used 433454K [0x0000000080000000, 0x0000000100000000)
  region size 1024K, 260 young (266240K), 12 survivors (12288K)
 Metaspace       used 118377K, capacity 121702K, committed 121932K, reserved 1155072K
  class space    used 15190K, capacity 16469K, committed 16512K, reserved 1048576K
}
Event: 234.797 GC heap after
{Heap after GC invocations=73 (full 0):
 garbage-first heap   total 527360K, used 182574K [0x0000000080000000, 0x0000000100000000)
  region size 1024K, 15 young (15360K), 15 survivors (15360K)
 Metaspace       used 118377K, capacity 121702K, committed 121932K, reserved 1155072K
  class space    used 15190K, capacity 16469K, committed 16512K, reserved 1048576K
}
Event: 236.609 GC heap before
{Heap before GC invocations=73 (full 0):
 garbage-first heap   total 527360K, used 438574K [0x0000000080000000, 0x0000000100000000)
  region size 1024K, 265 young (271360K), 15 survivors (15360K)
 Metaspace       used 118419K, capacity 121766K, committed 121932K, reserved 1155072K
  class space    used 15190K, capacity 16469K, committed 16512K, reserved 1048576K
}
Event: 236.658 GC heap after
{Heap after GC invocations=74 (full 0):
 garbage-first heap   total 527360K, used 184622K [0x0000000080000000, 0x0000000100000000)
  region size 1024K, 17 young (17408K), 17 survivors (17408K)
 Metaspace       used 118419K, capacity 121766K, committed 121932K, reserved 1155072K
  class space    used 15190K, capacity 16469K, committed 16512K, reserved 1048576K
}
Event: 239.065 GC heap before
{Heap before GC invocations=74 (full 0):
 garbage-first heap   total 527360K, used 442670K [0x0000000080000000, 0x0000000100000000)
  region size 1024K, 269 young (275456K), 17 survivors (17408K)
 Metaspace       used 118431K, capacity 121774K, committed 121932K, reserved 1155072K
  class space    used 15192K, capacity 16472K, committed 16512K, reserved 1048576K
}
Event: 239.228 GC heap after
{Heap after GC invocations=75 (full 0):
 garbage-first heap   total 527360K, used 185646K [0x0000000080000000, 0x0000000100000000)
  region size 1024K, 18 young (18432K), 18 survivors (18432K)
 Metaspace       used 118431K, capacity 121774K, committed 121932K, reserved 1155072K
  class space    used 15192K, capacity 16472K, committed 16512K, reserved 1048576K
}
Event: 243.303 GC heap before
{Heap before GC invocations=75 (full 0):
 garbage-first heap   total 527360K, used 445742K [0x0000000080000000, 0x0000000100000000)
  region size 1024K, 272 young (278528K), 18 survivors (18432K)
 Metaspace       used 118509K, capacity 121856K, committed 121932K, reserved 1155072K
  class space    used 15194K, capacity 16477K, committed 16512K, reserved 1048576K
}
Event: 243.484 GC heap after
{Heap after GC invocations=76 (full 0):
 garbage-first heap   total 527360K, used 188363K [0x0000000080000000, 0x0000000100000000)
  region size 1024K, 18 young (18432K), 18 survivors (18432K)
 Metaspace       used 118509K, capacity 121856K, committed 121932K, reserved 1155072K
  class space    used 15194K, capacity 16477K, committed 16512K, reserved 1048576K
}
Event: 248.431 GC heap before
{Heap before GC invocations=76 (full 0):
 garbage-first heap   total 527360K, used 440267K [0x0000000080000000, 0x0000000100000000)
  region size 1024K, 263 young (269312K), 18 survivors (18432K)
 Metaspace       used 118974K, capacity 122327K, committed 122572K, reserved 1155072K
  class space    used 15220K, capacity 16533K, committed 16640K, reserved 1048576K
}
Event: 248.591 GC heap after
{Heap after GC invocations=77 (full 0):
 garbage-first heap   total 527360K, used 191174K [0x0000000080000000, 0x0000000100000000)
  region size 1024K, 18 young (18432K), 18 survivors (18432K)
 Metaspace       used 118974K, capacity 122327K, committed 122572K, reserved 1155072K
  class space    used 15220K, capacity 16533K, committed 16640K, reserved 1048576K
}

