# JRE version: OpenJDK Runtime Environment (11.0.12+7) (build 11.0.12+7-b1504.28-7817840)
# Java VM: OpenJDK 64-Bit Server VM (11.0.12+7-b1504.28-7817840, mixed mode, tiered, compressed oops, g1 gc, windows-amd64)
Heap:
 garbage-first heap   total 95232K, used 41158K [0x0000000080000000, 0x0000000100000000)
  region size 1024K, 2 young (2048K), 2 survivors (2048K)
 Metaspace       used 42071K, capacity 43230K, committed 43596K, reserved 1087488K
  class space    used 5407K, capacity 5825K, committed 5964K, reserved 1048576K
GC Heap History (20 events):
Event: 6.012 GC heap after
{Heap after GC invocations=4 (full 0):
 garbage-first heap   total 65536K, used 14880K [0x0000000080000000, 0x0000000100000000)
  region size 1024K, 4 young (4096K), 4 survivors (4096K)
 Metaspace       used 12911K, capacity 13236K, committed 13312K, reserved 1060864K
  class space    used 1408K, capacity 1522K, committed 1536K, reserved 1048576K
}
Event: 10.578 GC heap before
{Heap before GC invocations=4 (full 0):
 garbage-first heap   total 65536K, used 41504K [0x0000000080000000, 0x0000000100000000)
  region size 1024K, 30 young (30720K), 4 survivors (4096K)
 Metaspace       used 18989K, capacity 19413K, committed 19584K, reserved 1067008K
  class space    used 2275K, capacity 2423K, committed 2432K, reserved 1048576K
}
Event: 10.608 GC heap after
{Heap after GC invocations=5 (full 0):
 garbage-first heap   total 78848K, used 16683K [0x0000000080000000, 0x0000000100000000)
  region size 1024K, 2 young (2048K), 2 survivors (2048K)
 Metaspace       used 18989K, capacity 19413K, committed 19584K, reserved 1067008K
  class space    used 2275K, capacity 2423K, committed 2432K, reserved 1048576K
}
Event: 11.888 GC heap before
{Heap before GC invocations=5 (full 0):
 garbage-first heap   total 78848K, used 34091K [0x0000000080000000, 0x0000000100000000)
  region size 1024K, 20 young (20480K), 2 survivors (2048K)
 Metaspace       used 20739K, capacity 21156K, committed 21248K, reserved 1067008K
  class space    used 2547K, capacity 2727K, committed 2816K, reserved 1048576K
}
Event: 11.909 GC heap after
{Heap after GC invocations=6 (full 0):
 garbage-first heap   total 78848K, used 17151K [0x0000000080000000, 0x0000000100000000)
  region size 1024K, 3 young (3072K), 3 survivors (3072K)
 Metaspace       used 20739K, capacity 21156K, committed 21248K, reserved 1067008K
  class space    used 2547K, capacity 2727K, committed 2816K, reserved 1048576K
}
Event: 14.117 GC heap before
{Heap before GC invocations=7 (full 0):
 garbage-first heap   total 78848K, used 46847K [0x0000000080000000, 0x0000000100000000)
  region size 1024K, 32 young (32768K), 3 survivors (3072K)
 Metaspace       used 23759K, capacity 24259K, committed 24576K, reserved 1071104K
  class space    used 3018K, capacity 3213K, committed 3328K, reserved 1048576K
}
Event: 14.126 GC heap after
{Heap after GC invocations=8 (full 0):
 garbage-first heap   total 78848K, used 18280K [0x0000000080000000, 0x0000000100000000)
  region size 1024K, 2 young (2048K), 2 survivors (2048K)
 Metaspace       used 23759K, capacity 24259K, committed 24576K, reserved 1071104K
  class space    used 3018K, capacity 3213K, committed 3328K, reserved 1048576K
}
Event: 15.197 GC heap before
{Heap before GC invocations=8 (full 0):
 garbage-first heap   total 78848K, used 62312K [0x0000000080000000, 0x0000000100000000)
  region size 1024K, 35 young (35840K), 2 survivors (2048K)
 Metaspace       used 27603K, capacity 28301K, committed 28544K, reserved 1073152K
  class space    used 3615K, capacity 3874K, committed 3968K, reserved 1048576K
}
Event: 15.206 GC heap after
{Heap after GC invocations=9 (full 0):
 garbage-first heap   total 78848K, used 32303K [0x0000000080000000, 0x0000000100000000)
  region size 1024K, 5 young (5120K), 5 survivors (5120K)
 Metaspace       used 27603K, capacity 28301K, committed 28544K, reserved 1073152K
  class space    used 3615K, capacity 3874K, committed 3968K, reserved 1048576K
}
Event: 15.713 GC heap before
{Heap before GC invocations=9 (full 0):
 garbage-first heap   total 78848K, used 57903K [0x0000000080000000, 0x0000000100000000)
  region size 1024K, 30 young (30720K), 5 survivors (5120K)
 Metaspace       used 29454K, capacity 30263K, committed 30336K, reserved 1075200K
  class space    used 3911K, capacity 4216K, committed 4224K, reserved 1048576K
}
Event: 15.723 GC heap after
{Heap after GC invocations=10 (full 0):
 garbage-first heap   total 78848K, used 33587K [0x0000000080000000, 0x0000000100000000)
  region size 1024K, 1 young (1024K), 1 survivors (1024K)
 Metaspace       used 29454K, capacity 30263K, committed 30336K, reserved 1075200K
  class space    used 3911K, capacity 4216K, committed 4224K, reserved 1048576K
}
Event: 16.296 GC heap before
{Heap before GC invocations=10 (full 0):
 garbage-first heap   total 78848K, used 59187K [0x0000000080000000, 0x0000000100000000)
  region size 1024K, 26 young (26624K), 1 survivors (1024K)
 Metaspace       used 31980K, capacity 32796K, committed 33152K, reserved 1077248K
  class space    used 4316K, capacity 4634K, committed 4736K, reserved 1048576K
}
Event: 16.302 GC heap after
{Heap after GC invocations=11 (full 0):
 garbage-first heap   total 78848K, used 34136K [0x0000000080000000, 0x0000000100000000)
  region size 1024K, 2 young (2048K), 2 survivors (2048K)
 Metaspace       used 31980K, capacity 32796K, committed 33152K, reserved 1077248K
  class space    used 4316K, capacity 4634K, committed 4736K, reserved 1048576K
}
Event: 16.879 GC heap before
{Heap before GC invocations=11 (full 0):
 garbage-first heap   total 78848K, used 47448K [0x0000000080000000, 0x0000000100000000)
  region size 1024K, 17 young (17408K), 2 survivors (2048K)
 Metaspace       used 34925K, capacity 35826K, committed 35840K, reserved 1081344K
  class space    used 4651K, capacity 4983K, committed 4992K, reserved 1048576K
}
Event: 16.889 GC heap after
{Heap after GC invocations=12 (full 0):
 garbage-first heap   total 78848K, used 35304K [0x0000000080000000, 0x0000000100000000)
  region size 1024K, 3 young (3072K), 3 survivors (3072K)
 Metaspace       used 34925K, capacity 35826K, committed 35840K, reserved 1081344K
  class space    used 4651K, capacity 4983K, committed 4992K, reserved 1048576K
}
Event: 17.657 GC heap before
{Heap before GC invocations=13 (full 0):
 garbage-first heap   total 78848K, used 58856K [0x0000000080000000, 0x0000000100000000)
  region size 1024K, 27 young (27648K), 3 survivors (3072K)
 Metaspace       used 39221K, capacity 40284K, committed 40396K, reserved 1083392K
  class space    used 5097K, capacity 5489K, committed 5580K, reserved 1048576K
}
Event: 17.675 GC heap after
{Heap after GC invocations=14 (full 0):
 garbage-first heap   total 78848K, used 38524K [0x0000000080000000, 0x0000000100000000)
  region size 1024K, 4 young (4096K), 4 survivors (4096K)
 Metaspace       used 39221K, capacity 40284K, committed 40396K, reserved 1083392K
  class space    used 5097K, capacity 5489K, committed 5580K, reserved 1048576K
}
Event: 17.969 GC heap before
{Heap before GC invocations=15 (full 0):
 garbage-first heap   total 78848K, used 54908K [0x0000000080000000, 0x0000000100000000)
  region size 1024K, 22 young (22528K), 4 survivors (4096K)
 Metaspace       used 39733K, capacity 40791K, committed 40908K, reserved 1085440K
  class space    used 5151K, capacity 5526K, committed 5580K, reserved 1048576K
}
Event: 17.987 GC heap after
{Heap after GC invocations=16 (full 0):
 garbage-first heap   total 78848K, used 40499K [0x0000000080000000, 0x0000000100000000)
  region size 1024K, 3 young (3072K), 3 survivors (3072K)
 Metaspace       used 39733K, capacity 40791K, committed 40908K, reserved 1085440K
  class space    used 5151K, capacity 5526K, committed 5580K, reserved 1048576K
}
Event: 18.575 GC heap before
{Heap before GC invocations=17 (full 0):
 garbage-first heap   total 78848K, used 63027K [0x0000000080000000, 0x0000000100000000)
  region size 1024K, 22 young (22528K), 3 survivors (3072K)
 Metaspace       used 42071K, capacity 43230K, committed 43596K, reserved 1087488K
  class space    used 5407K, capacity 5825K, committed 5964K, reserved 1048576K
}

