# JRE version: OpenJDK Runtime Environment (11.0.12+7) (build 11.0.12+7-b1504.28-7817840)
# Java VM: OpenJDK 64-Bit Server VM (11.0.12+7-b1504.28-7817840, mixed mode, tiered, compressed oops, g1 gc, windows-amd64)
Heap:
 garbage-first heap   total 270336K, used 173846K [0x0000000080000000, 0x0000000100000000)
  region size 1024K, 74 young (75776K), 1 survivors (1024K)
 Metaspace       used 99888K, capacity 102105K, committed 102232K, reserved 1144832K
  class space    used 12533K, capacity 13365K, committed 13440K, reserved 1048576K
GC Heap History (20 events):
Event: 35.605 GC heap before
{Heap before GC invocations=24 (full 0):
 garbage-first heap   total 187392K, used 139012K [0x0000000080000000, 0x0000000100000000)
  region size 1024K, 81 young (82944K), 9 survivors (9216K)
 Metaspace       used 82065K, capacity 83808K, committed 84056K, reserved 1122304K
  class space    used 10705K, capacity 11369K, committed 11392K, reserved 1048576K
}
Event: 35.640 GC heap after
{Heap after GC invocations=25 (full 0):
 garbage-first heap   total 187392K, used 69996K [0x0000000080000000, 0x0000000100000000)
  region size 1024K, 9 young (9216K), 9 survivors (9216K)
 Metaspace       used 82065K, capacity 83808K, committed 84056K, reserved 1122304K
  class space    used 10705K, capacity 11369K, committed 11392K, reserved 1048576K
}
Event: 38.749 GC heap before
{Heap before GC invocations=25 (full 0):
 garbage-first heap   total 187392K, used 143724K [0x0000000080000000, 0x0000000100000000)
  region size 1024K, 82 young (83968K), 9 survivors (9216K)
 Metaspace       used 85097K, capacity 87112K, committed 87256K, reserved 1124352K
  class space    used 11142K, capacity 11947K, committed 12032K, reserved 1048576K
}
Event: 38.796 GC heap after
{Heap after GC invocations=26 (full 0):
 garbage-first heap   total 187392K, used 75776K [0x0000000080000000, 0x0000000100000000)
  region size 1024K, 10 young (10240K), 10 survivors (10240K)
 Metaspace       used 85097K, capacity 87112K, committed 87256K, reserved 1124352K
  class space    used 11142K, capacity 11947K, committed 12032K, reserved 1048576K
}
Event: 42.437 GC heap before
{Heap before GC invocations=26 (full 0):
 garbage-first heap   total 187392K, used 151552K [0x0000000080000000, 0x0000000100000000)
  region size 1024K, 82 young (83968K), 10 survivors (10240K)
 Metaspace       used 87338K, capacity 89423K, committed 89560K, reserved 1126400K
  class space    used 11339K, capacity 12162K, committed 12288K, reserved 1048576K
}
Event: 42.493 GC heap after
{Heap after GC invocations=27 (full 0):
 garbage-first heap   total 187392K, used 93724K [0x0000000080000000, 0x0000000100000000)
  region size 1024K, 11 young (11264K), 11 survivors (11264K)
 Metaspace       used 87338K, capacity 89423K, committed 89560K, reserved 1126400K
  class space    used 11339K, capacity 12162K, committed 12288K, reserved 1048576K
}
Event: 43.452 GC heap before
{Heap before GC invocations=27 (full 0):
 garbage-first heap   total 187392K, used 128540K [0x0000000080000000, 0x0000000100000000)
  region size 1024K, 45 young (46080K), 11 survivors (11264K)
 Metaspace       used 88918K, capacity 90980K, committed 91224K, reserved 1128448K
  class space    used 11513K, capacity 12318K, committed 12416K, reserved 1048576K
}
Event: 43.530 GC heap after
{Heap after GC invocations=28 (full 0):
 garbage-first heap   total 187392K, used 101376K [0x0000000080000000, 0x0000000100000000)
  region size 1024K, 6 young (6144K), 6 survivors (6144K)
 Metaspace       used 88918K, capacity 90980K, committed 91224K, reserved 1128448K
  class space    used 11513K, capacity 12318K, committed 12416K, reserved 1048576K
}
Event: 46.029 GC heap before
{Heap before GC invocations=29 (full 0):
 garbage-first heap   total 187392K, used 141312K [0x0000000080000000, 0x0000000100000000)
  region size 1024K, 40 young (40960K), 6 survivors (6144K)
 Metaspace       used 89084K, capacity 91215K, committed 91480K, reserved 1128448K
  class space    used 11524K, capacity 12353K, committed 12416K, reserved 1048576K
}
Event: 46.126 GC heap after
{Heap after GC invocations=30 (full 0):
 garbage-first heap   total 187392K, used 107520K [0x0000000080000000, 0x0000000100000000)
  region size 1024K, 6 young (6144K), 6 survivors (6144K)
 Metaspace       used 89084K, capacity 91215K, committed 91480K, reserved 1128448K
  class space    used 11524K, capacity 12353K, committed 12416K, reserved 1048576K
}
Event: 48.401 GC heap before
{Heap before GC invocations=31 (full 0):
 garbage-first heap   total 187392K, used 159744K [0x0000000080000000, 0x0000000100000000)
  region size 1024K, 43 young (44032K), 6 survivors (6144K)
 Metaspace       used 91857K, capacity 93933K, committed 94296K, reserved 1130496K
  class space    used 11729K, capacity 12533K, committed 12672K, reserved 1048576K
}
Event: 48.499 GC heap after
{Heap after GC invocations=32 (full 0):
 garbage-first heap   total 225280K, used 113372K [0x0000000080000000, 0x0000000100000000)
  region size 1024K, 6 young (6144K), 6 survivors (6144K)
 Metaspace       used 91857K, capacity 93933K, committed 94296K, reserved 1130496K
  class space    used 11729K, capacity 12533K, committed 12672K, reserved 1048576K
}
Event: 50.962 GC heap before
{Heap before GC invocations=32 (full 0):
 garbage-first heap   total 225280K, used 159452K [0x0000000080000000, 0x0000000100000000)
  region size 1024K, 52 young (53248K), 6 survivors (6144K)
 Metaspace       used 93485K, capacity 95566K, committed 95832K, reserved 1132544K
  class space    used 11837K, capacity 12629K, committed 12672K, reserved 1048576K
}
Event: 51.043 GC heap after
{Heap after GC invocations=33 (full 0):
 garbage-first heap   total 225280K, used 117283K [0x0000000080000000, 0x0000000100000000)
  region size 1024K, 4 young (4096K), 4 survivors (4096K)
 Metaspace       used 93485K, capacity 95566K, committed 95832K, reserved 1132544K
  class space    used 11837K, capacity 12629K, committed 12672K, reserved 1048576K
}
Event: 54.138 GC heap before
{Heap before GC invocations=34 (full 0):
 garbage-first heap   total 225280K, used 150051K [0x0000000080000000, 0x0000000100000000)
  region size 1024K, 53 young (54272K), 4 survivors (4096K)
 Metaspace       used 95127K, capacity 97287K, committed 97624K, reserved 1134592K
  class space    used 11998K, capacity 12809K, committed 12928K, reserved 1048576K
}
Event: 54.217 GC heap after
{Heap after GC invocations=35 (full 0):
 garbage-first heap   total 225280K, used 102916K [0x0000000080000000, 0x0000000100000000)
  region size 1024K, 6 young (6144K), 6 survivors (6144K)
 Metaspace       used 95127K, capacity 97287K, committed 97624K, reserved 1134592K
  class space    used 11998K, capacity 12809K, committed 12928K, reserved 1048576K
}
Event: 54.722 GC heap before
{Heap before GC invocations=35 (full 0):
 garbage-first heap   total 225280K, used 107012K [0x0000000080000000, 0x0000000100000000)
  region size 1024K, 11 young (11264K), 6 survivors (6144K)
 Metaspace       used 95329K, capacity 97491K, committed 97624K, reserved 1134592K
  class space    used 12022K, capacity 12824K, committed 12928K, reserved 1048576K
}
Event: 54.767 GC heap after
{Heap after GC invocations=36 (full 0):
 garbage-first heap   total 225280K, used 97161K [0x0000000080000000, 0x0000000100000000)
  region size 1024K, 1 young (1024K), 1 survivors (1024K)
 Metaspace       used 95329K, capacity 97491K, committed 97624K, reserved 1134592K
  class space    used 12022K, capacity 12824K, committed 12928K, reserved 1048576K
}
Event: 64.291 GC heap before
{Heap before GC invocations=36 (full 0):
 garbage-first heap   total 225280K, used 157577K [0x0000000080000000, 0x0000000100000000)
  region size 1024K, 61 young (62464K), 1 survivors (1024K)
 Metaspace       used 95799K, capacity 98041K, committed 98136K, reserved 1134592K
  class space    used 12039K, capacity 12875K, committed 12928K, reserved 1048576K
}
Event: 64.307 GC heap after
{Heap after GC invocations=37 (full 0):
 garbage-first heap   total 270336K, used 99924K [0x0000000080000000, 0x0000000100000000)
  region size 1024K, 4 young (4096K), 4 survivors (4096K)
 Metaspace       used 95799K, capacity 98041K, committed 98136K, reserved 1134592K
  class space    used 12039K, capacity 12875K, committed 12928K, reserved 1048576K
}

