# JRE version: OpenJDK Runtime Environment (11.0.12+7) (build 11.0.12+7-b1504.28-7817840)
# Java VM: OpenJDK 64-Bit Server VM (11.0.12+7-b1504.28-7817840, mixed mode, tiered, compressed oops, g1 gc, windows-amd64)
Heap:
 garbage-first heap   total 199680K, used 166702K [0x0000000080000000, 0x0000000100000000)
  region size 1024K, 42 young (43008K), 4 survivors (4096K)
 Metaspace       used 103391K, capacity 105965K, committed 106240K, reserved 1140736K
  class space    used 13337K, capacity 14300K, committed 14336K, reserved 1048576K
GC Heap History (20 events):
Event: 93.075 GC heap before
{Heap before GC invocations=70 (full 0):
 garbage-first heap   total 199680K, used 128291K [0x0000000080000000, 0x0000000100000000)
  region size 1024K, 9 young (9216K), 3 survivors (3072K)
 Metaspace       used 95510K, capacity 97815K, committed 98048K, reserved 1134592K
  class space    used 12406K, capacity 13222K, committed 13312K, reserved 1048576K
}
Event: 93.084 GC heap after
{Heap after GC invocations=71 (full 0):
 garbage-first heap   total 199680K, used 121604K [0x0000000080000000, 0x0000000100000000)
  region size 1024K, 1 young (1024K), 1 survivors (1024K)
 Metaspace       used 95510K, capacity 97815K, committed 98048K, reserved 1134592K
  class space    used 12406K, capacity 13222K, committed 13312K, reserved 1048576K
}
Event: 94.928 GC heap before
{Heap before GC invocations=71 (full 0):
 garbage-first heap   total 199680K, used 153348K [0x0000000080000000, 0x0000000100000000)
  region size 1024K, 33 young (33792K), 1 survivors (1024K)
 Metaspace       used 98105K, capacity 100538K, committed 100736K, reserved 1136640K
  class space    used 12789K, capacity 13652K, committed 13696K, reserved 1048576K
}
Event: 94.943 GC heap after
{Heap after GC invocations=72 (full 0):
 garbage-first heap   total 199680K, used 123400K [0x0000000080000000, 0x0000000100000000)
  region size 1024K, 3 young (3072K), 3 survivors (3072K)
 Metaspace       used 98105K, capacity 100538K, committed 100736K, reserved 1136640K
  class space    used 12789K, capacity 13652K, committed 13696K, reserved 1048576K
}
Event: 96.569 GC heap before
{Heap before GC invocations=73 (full 0):
 garbage-first heap   total 199680K, used 163336K [0x0000000080000000, 0x0000000100000000)
  region size 1024K, 40 young (40960K), 3 survivors (3072K)
 Metaspace       used 98517K, capacity 100939K, committed 100992K, reserved 1136640K
  class space    used 12808K, capacity 13679K, committed 13696K, reserved 1048576K
}
Event: 96.582 GC heap after
{Heap after GC invocations=74 (full 0):
 garbage-first heap   total 199680K, used 128357K [0x0000000080000000, 0x0000000100000000)
  region size 1024K, 5 young (5120K), 5 survivors (5120K)
 Metaspace       used 98517K, capacity 100939K, committed 100992K, reserved 1136640K
  class space    used 12808K, capacity 13679K, committed 13696K, reserved 1048576K
}
Event: 98.109 GC heap before
{Heap before GC invocations=74 (full 0):
 garbage-first heap   total 199680K, used 165221K [0x0000000080000000, 0x0000000100000000)
  region size 1024K, 41 young (41984K), 5 survivors (5120K)
 Metaspace       used 98519K, capacity 100939K, committed 100992K, reserved 1136640K
  class space    used 12808K, capacity 13679K, committed 13696K, reserved 1048576K
}
Event: 98.133 GC heap after
{Heap after GC invocations=75 (full 0):
 garbage-first heap   total 199680K, used 129061K [0x0000000080000000, 0x0000000100000000)
  region size 1024K, 4 young (4096K), 4 survivors (4096K)
 Metaspace       used 98519K, capacity 100939K, committed 100992K, reserved 1136640K
  class space    used 12808K, capacity 13679K, committed 13696K, reserved 1048576K
}
Event: 99.041 GC heap before
{Heap before GC invocations=76 (full 0):
 garbage-first heap   total 199680K, used 165925K [0x0000000080000000, 0x0000000100000000)
  region size 1024K, 40 young (40960K), 4 survivors (4096K)
 Metaspace       used 98520K, capacity 100939K, committed 100992K, reserved 1136640K
  class space    used 12808K, capacity 13679K, committed 13696K, reserved 1048576K
}
Event: 99.059 GC heap after
{Heap after GC invocations=77 (full 0):
 garbage-first heap   total 199680K, used 129199K [0x0000000080000000, 0x0000000100000000)
  region size 1024K, 1 young (1024K), 1 survivors (1024K)
 Metaspace       used 98520K, capacity 100939K, committed 100992K, reserved 1136640K
  class space    used 12808K, capacity 13679K, committed 13696K, reserved 1048576K
}
Event: 101.604 GC heap before
{Heap before GC invocations=77 (full 0):
 garbage-first heap   total 199680K, used 167087K [0x0000000080000000, 0x0000000100000000)
  region size 1024K, 38 young (38912K), 1 survivors (1024K)
 Metaspace       used 98520K, capacity 100939K, committed 100992K, reserved 1136640K
  class space    used 12808K, capacity 13679K, committed 13696K, reserved 1048576K
}
Event: 101.611 GC heap after
{Heap after GC invocations=78 (full 0):
 garbage-first heap   total 199680K, used 129077K [0x0000000080000000, 0x0000000100000000)
  region size 1024K, 1 young (1024K), 1 survivors (1024K)
 Metaspace       used 98520K, capacity 100939K, committed 100992K, reserved 1136640K
  class space    used 12808K, capacity 13679K, committed 13696K, reserved 1048576K
}
Event: 109.109 GC heap before
{Heap before GC invocations=79 (full 0):
 garbage-first heap   total 199680K, used 167989K [0x0000000080000000, 0x0000000100000000)
  region size 1024K, 39 young (39936K), 1 survivors (1024K)
 Metaspace       used 98527K, capacity 100945K, committed 100992K, reserved 1136640K
  class space    used 12808K, capacity 13680K, committed 13696K, reserved 1048576K
}
Event: 109.117 GC heap after
{Heap after GC invocations=80 (full 0):
 garbage-first heap   total 199680K, used 129051K [0x0000000080000000, 0x0000000100000000)
  region size 1024K, 1 young (1024K), 1 survivors (1024K)
 Metaspace       used 98527K, capacity 100945K, committed 100992K, reserved 1136640K
  class space    used 12808K, capacity 13680K, committed 13696K, reserved 1048576K
}
Event: 109.913 GC heap before
{Heap before GC invocations=80 (full 0):
 garbage-first heap   total 199680K, used 168987K [0x0000000080000000, 0x0000000100000000)
  region size 1024K, 40 young (40960K), 1 survivors (1024K)
 Metaspace       used 98543K, capacity 100945K, committed 100992K, reserved 1136640K
  class space    used 12810K, capacity 13680K, committed 13696K, reserved 1048576K
}
Event: 109.917 GC heap after
{Heap after GC invocations=81 (full 0):
 garbage-first heap   total 199680K, used 129381K [0x0000000080000000, 0x0000000100000000)
  region size 1024K, 1 young (1024K), 1 survivors (1024K)
 Metaspace       used 98543K, capacity 100945K, committed 100992K, reserved 1136640K
  class space    used 12810K, capacity 13680K, committed 13696K, reserved 1048576K
}
Event: 110.887 GC heap before
{Heap before GC invocations=82 (full 0):
 garbage-first heap   total 199680K, used 170341K [0x0000000080000000, 0x0000000100000000)
  region size 1024K, 41 young (41984K), 1 survivors (1024K)
 Metaspace       used 100096K, capacity 102524K, committed 102784K, reserved 1138688K
  class space    used 12980K, capacity 13865K, committed 13952K, reserved 1048576K
}
Event: 110.891 GC heap after
{Heap after GC invocations=83 (full 0):
 garbage-first heap   total 199680K, used 127521K [0x0000000080000000, 0x0000000100000000)
  region size 1024K, 1 young (1024K), 1 survivors (1024K)
 Metaspace       used 100096K, capacity 102524K, committed 102784K, reserved 1138688K
  class space    used 12980K, capacity 13865K, committed 13952K, reserved 1048576K
}
Event: 115.596 GC heap before
{Heap before GC invocations=83 (full 0):
 garbage-first heap   total 199680K, used 168481K [0x0000000080000000, 0x0000000100000000)
  region size 1024K, 42 young (43008K), 1 survivors (1024K)
 Metaspace       used 101810K, capacity 104260K, committed 104576K, reserved 1140736K
  class space    used 13162K, capacity 14132K, committed 14208K, reserved 1048576K
}
Event: 115.608 GC heap after
{Heap after GC invocations=84 (full 0):
 garbage-first heap   total 199680K, used 130422K [0x0000000080000000, 0x0000000100000000)
  region size 1024K, 4 young (4096K), 4 survivors (4096K)
 Metaspace       used 101810K, capacity 104260K, committed 104576K, reserved 1140736K
  class space    used 13162K, capacity 14132K, committed 14208K, reserved 1048576K
}

